Using pre-set license
Built from '2021.3/staging' branch; Version is '2021.3.14f1 (eee1884e7226) revision 15655304'; Using compiler version '192829333'; Build Type 'Release'
OS: 'Windows 10  (10.0.19045) 64bit Professional' Language: 'en' Physical Memory: 16128 MB
BatchMode: 1, IsHumanControllingUs: 0, StartBugReporterOnCrash: 0, Is64bit: 1, IsPro: 1

COMMAND LINE ARGUMENTS:
C:\Users\Enes\Desktop\2021.3.14f1\Editor\Unity.exe
-adb2
-batchMode
-noUpm
-name
AssetImportWorker0
-projectPath
C:/Unity Projects/Be Courier
-logFile
Logs/AssetImportWorker0.log
-srvPort
57569
Successfully changed project path to: C:/Unity Projects/Be Courier
C:/Unity Projects/Be Courier
[UnityMemory] Configuration Parameters - Can be set up in boot.config
    "memorysetup-bucket-allocator-granularity=16"
    "memorysetup-bucket-allocator-bucket-count=8"
    "memorysetup-bucket-allocator-block-size=33554432"
    "memorysetup-bucket-allocator-block-count=8"
    "memorysetup-main-allocator-block-size=16777216"
    "memorysetup-thread-allocator-block-size=16777216"
    "memorysetup-gfx-main-allocator-block-size=16777216"
    "memorysetup-gfx-thread-allocator-block-size=16777216"
    "memorysetup-cache-allocator-block-size=4194304"
    "memorysetup-typetree-allocator-block-size=2097152"
    "memorysetup-profiler-bucket-allocator-granularity=16"
    "memorysetup-profiler-bucket-allocator-bucket-count=8"
    "memorysetup-profiler-bucket-allocator-block-size=33554432"
    "memorysetup-profiler-bucket-allocator-block-count=8"
    "memorysetup-profiler-allocator-block-size=16777216"
    "memorysetup-profiler-editor-allocator-block-size=1048576"
    "memorysetup-temp-allocator-size-main=16777216"
    "memorysetup-job-temp-allocator-block-size=2097152"
    "memorysetup-job-temp-allocator-block-size-background=1048576"
    "memorysetup-job-temp-allocator-reduction-small-platforms=262144"
    "memorysetup-temp-allocator-size-background-worker=32768"
    "memorysetup-temp-allocator-size-job-worker=262144"
    "memorysetup-temp-allocator-size-preload-manager=33554432"
    "memorysetup-temp-allocator-size-nav-mesh-worker=65536"
    "memorysetup-temp-allocator-size-audio-worker=65536"
    "memorysetup-temp-allocator-size-cloud-worker=32768"
    "memorysetup-temp-allocator-size-gi-baking-worker=262144"
    "memorysetup-temp-allocator-size-gfx=262144"
Refreshing native plugins compatible for Editor in 67.87 ms, found 3 plugins.
Preloading 0 native plugins for Editor in 0.00 ms.
Initialize engine version: 2021.3.14f1 (eee1884e7226)
[Subsystems] Discovering subsystems at path C:/Users/Enes/Desktop/2021.3.14f1/Editor/Data/Resources/UnitySubsystems
[Subsystems] Discovering subsystems at path C:/Unity Projects/Be Courier/Assets
GfxDevice: creating device client; threaded=0; jobified=0
Direct3D:
    Version:  Direct3D 11.0 [level 11.1]
    Renderer: NVIDIA GeForce RTX 3050 Laptop GPU (ID=0x25a2)
    Vendor:   NVIDIA
    VRAM:     3991 MB
    Driver:   30.0.15.1289
Initialize mono
Mono path[0] = 'C:/Users/Enes/Desktop/2021.3.14f1/Editor/Data/Managed'
Mono path[1] = 'C:/Users/Enes/Desktop/2021.3.14f1/Editor/Data/MonoBleedingEdge/lib/mono/unityjit-win32'
Mono config path = 'C:/Users/Enes/Desktop/2021.3.14f1/Editor/Data/MonoBleedingEdge/etc'
Using monoOptions --debugger-agent=transport=dt_socket,embedding=1,server=y,suspend=n,address=127.0.0.1:56736
Begin MonoManager ReloadAssembly
Registering precompiled unity dll's ...
Register platform support module: C:/Users/Enes/Desktop/2021.3.14f1/Editor/Data/PlaybackEngines/WebGLSupport/UnityEditor.WebGL.Extensions.dll
Register platform support module: C:/Users/Enes/Desktop/2021.3.14f1/Editor/Data/PlaybackEngines/AndroidPlayer/UnityEditor.Android.Extensions.dll
Register platform support module: C:/Users/Enes/Desktop/2021.3.14f1/Editor/Data/PlaybackEngines/WindowsStandaloneSupport/UnityEditor.WindowsStandalone.Extensions.dll
Registered in 0.004413 seconds.
Native extension for WindowsStandalone target not found
Native extension for Android target not found
Native extension for WebGL target not found
Refreshing native plugins compatible for Editor in 69.66 ms, found 3 plugins.
Preloading 0 native plugins for Editor in 0.00 ms.
Mono: successfully reloaded assembly
- Completed reload, in  0.548 seconds
Domain Reload Profiling:
	ReloadAssembly (549ms)
		BeginReloadAssembly (60ms)
			ExecutionOrderSort (0ms)
			DisableScriptedObjects (0ms)
			BackupInstance (0ms)
			ReleaseScriptingObjects (0ms)
			CreateAndSetChildDomain (1ms)
		EndReloadAssembly (406ms)
			LoadAssemblies (59ms)
			RebuildTransferFunctionScriptingTraits (0ms)
			SetupTypeCache (87ms)
			ReleaseScriptCaches (0ms)
			RebuildScriptCaches (36ms)
			SetupLoadedEditorAssemblies (244ms)
				LogAssemblyErrors (0ms)
				InitializePlatformSupportModulesInManaged (48ms)
				SetLoadedEditorAssemblies (0ms)
				RefreshPlugins (70ms)
				BeforeProcessingInitializeOnLoad (1ms)
				ProcessInitializeOnLoadAttributes (91ms)
				ProcessInitializeOnLoadMethodAttributes (33ms)
				AfterProcessingInitializeOnLoad (0ms)
				EditorAssembliesLoaded (0ms)
			ExecutionOrderSort2 (0ms)
			AwakeInstancesAfterBackupRestoration (0ms)
Platform modules already initialized, skipping
Registering precompiled user dll's ...
Registered in 0.005433 seconds.
Begin MonoManager ReloadAssembly
Symbol file LoadedFromMemory doesn't match image C:\Unity Projects\Be Courier\Library\PackageCache\com.unity.visualscripting@1.7.8\Editor\VisualScripting.Core\Dependencies\YamlDotNet\Unity.VisualScripting.YamlDotNet.dll
Symbol file LoadedFromMemory doesn't match image C:\Unity Projects\Be Courier\Library\PackageCache\com.unity.visualscripting@1.7.8\Editor\VisualScripting.Core\Dependencies\DotNetZip\Unity.VisualScripting.IonicZip.dll
Native extension for WindowsStandalone target not found
Native extension for Android target not found
Native extension for WebGL target not found
Refreshing native plugins compatible for Editor in 0.65 ms, found 3 plugins.
Preloading 0 native plugins for Editor in 0.00 ms.
Mono: successfully reloaded assembly
- Completed reload, in  0.982 seconds
Domain Reload Profiling:
	ReloadAssembly (983ms)
		BeginReloadAssembly (213ms)
			ExecutionOrderSort (0ms)
			DisableScriptedObjects (6ms)
			BackupInstance (0ms)
			ReleaseScriptingObjects (0ms)
			CreateAndSetChildDomain (129ms)
		EndReloadAssembly (687ms)
			LoadAssemblies (74ms)
			RebuildTransferFunctionScriptingTraits (0ms)
			SetupTypeCache (211ms)
			ReleaseScriptCaches (1ms)
			RebuildScriptCaches (54ms)
			SetupLoadedEditorAssemblies (325ms)
				LogAssemblyErrors (0ms)
				InitializePlatformSupportModulesInManaged (13ms)
				SetLoadedEditorAssemblies (0ms)
				RefreshPlugins (1ms)
				BeforeProcessingInitializeOnLoad (85ms)
				ProcessInitializeOnLoadAttributes (201ms)
				ProcessInitializeOnLoadMethodAttributes (19ms)
				AfterProcessingInitializeOnLoad (5ms)
				EditorAssembliesLoaded (0ms)
			ExecutionOrderSort2 (0ms)
			AwakeInstancesAfterBackupRestoration (4ms)
Platform modules already initialized, skipping
========================================================================
Worker process is ready to serve import requests
Launched and connected shader compiler UnityShaderCompiler.exe after 0.05 seconds
Refreshing native plugins compatible for Editor in 0.77 ms, found 3 plugins.
Preloading 0 native plugins for Editor in 0.00 ms.
Unloading 3351 Unused Serialized files (Serialized files now loaded: 0)
Unloading 27 unused Assets / (113.3 KB). Loaded Objects now: 3810.
Memory consumption went from 117.7 MB to 117.6 MB.
Total: 3.739200 ms (FindLiveObjects: 0.288900 ms CreateObjectMapping: 0.131000 ms MarkObjects: 3.180600 ms  DeleteObjects: 0.137400 ms)

AssetImportParameters requested are different than current active one (requested -> active):
  custom:video-decoder-ogg-theora: a1e56fd34408186e4bbccfd4996cb3dc -> 
  custom:container-muxer-webm: aa71ff27fc2769a1b78a27578f13a17b -> 
  custom:container-demuxer-webm: 4f35f7cbe854078d1ac9338744f61a02 -> 
  custom:video-encoder-webm-vp8: eb34c28f22e8b96e1ab97ce403110664 -> 
  custom:audio-encoder-webm-vorbis: bf7c407c2cedff20999df2af8eb42d56 -> 
  custom:framework-win-MediaFoundation: 216162199b28c13a410421893ffa2e32 -> 
  custom:container-demuxer-ogg: 62fdf1f143b41e24485cea50d1cbac27 -> 
  custom:video-decoder-webm-vp8: 9c59270c3fd7afecdb556c50c9e8de78 -> 
  custom:audio-decoder-ogg-vorbis: bf7c407c2cedff20999df2af8eb42d56 -> 
========================================================================
Received Import Request.
  Time since last request: 2611428.611607 seconds.
  path: Assets/Palmov Island
  artifactKey: Guid(325876e0f847e4a47ba706d43a056f9c) Importer(815301076,1909f56bfc062723c751e8b465ee728b)
Start importing Assets/Palmov Island using Guid(325876e0f847e4a47ba706d43a056f9c) Importer(815301076,1909f56bfc062723c751e8b465ee728b)  -> (artifact id: '665a7060fe8cf67cda8e2e4871272a0b') in 0.014797 seconds 
========================================================================
Received Import Request.
  Time since last request: 3.396556 seconds.
  path: Assets/Palmov Island/Low Poly Free Vehicles Pack/Textures
  artifactKey: Guid(0c224d15656084fd98855ef01421a8a1) Importer(815301076,1909f56bfc062723c751e8b465ee728b)
Start importing Assets/Palmov Island/Low Poly Free Vehicles Pack/Textures using Guid(0c224d15656084fd98855ef01421a8a1) Importer(815301076,1909f56bfc062723c751e8b465ee728b)  -> (artifact id: 'a6f69bf3276c93d8bc35e5b473653375') in 0.007433 seconds 
========================================================================
Received Import Request.
  Time since last request: 0.029281 seconds.
  path: Assets/Palmov Island/Low Poly Free Vehicles Pack/Textures/texture_main.png
  artifactKey: Guid(8f0458a787ee3406d9432c2710aea9c5) Importer(815301076,1909f56bfc062723c751e8b465ee728b)
Start importing Assets/Palmov Island/Low Poly Free Vehicles Pack/Textures/texture_main.png using Guid(8f0458a787ee3406d9432c2710aea9c5) Importer(815301076,1909f56bfc062723c751e8b465ee728b)  -> (artifact id: '2701b2129878e595c2228c9d3a3a47e1') in 0.107553 seconds 
========================================================================
Received Import Request.
  Time since last request: 3.700223 seconds.
  path: Assets/Palmov Island/Low Poly Free Vehicles Pack/Prefabs
  artifactKey: Guid(06c3659ebb98444bbb45fa3246c4096d) Importer(815301076,1909f56bfc062723c751e8b465ee728b)
Start importing Assets/Palmov Island/Low Poly Free Vehicles Pack/Prefabs using Guid(06c3659ebb98444bbb45fa3246c4096d) Importer(815301076,1909f56bfc062723c751e8b465ee728b)  -> (artifact id: 'd2aab4a0dba4e93f064290824560e835') in 0.009045 seconds 
========================================================================
Received Import Request.
  Time since last request: 0.050053 seconds.
  path: Assets/Palmov Island/Low Poly Free Vehicles Pack/Prefabs/air_balloon_red.prefab
  artifactKey: Guid(8f331ff5dcc4b4dcabfe38972f17c420) Importer(815301076,1909f56bfc062723c751e8b465ee728b)
Start importing Assets/Palmov Island/Low Poly Free Vehicles Pack/Prefabs/air_balloon_red.prefab using Guid(8f331ff5dcc4b4dcabfe38972f17c420) Importer(815301076,1909f56bfc062723c751e8b465ee728b)  -> (artifact id: 'f8c86a121e1d65be41dff3ad080a57c9') in 0.240710 seconds 
========================================================================
Received Import Request.
  Time since last request: 0.000025 seconds.
  path: Assets/Palmov Island/Low Poly Free Vehicles Pack/Prefabs/scooter_green.prefab
  artifactKey: Guid(cf1ca88a795b54e76ae16892731332af) Importer(815301076,1909f56bfc062723c751e8b465ee728b)
Start importing Assets/Palmov Island/Low Poly Free Vehicles Pack/Prefabs/scooter_green.prefab using Guid(cf1ca88a795b54e76ae16892731332af) Importer(815301076,1909f56bfc062723c751e8b465ee728b)  -> (artifact id: '367dcf2488beecad0314e455a84ced43') in 0.015946 seconds 
========================================================================
Received Import Request.
  Time since last request: 0.000030 seconds.
  path: Assets/Palmov Island/Low Poly Free Vehicles Pack/Prefabs/truck_car.prefab
  artifactKey: Guid(0f081a3de5591476bb9e6ff4dc770814) Importer(815301076,1909f56bfc062723c751e8b465ee728b)
Start importing Assets/Palmov Island/Low Poly Free Vehicles Pack/Prefabs/truck_car.prefab using Guid(0f081a3de5591476bb9e6ff4dc770814) Importer(815301076,1909f56bfc062723c751e8b465ee728b)  -> (artifact id: 'a963e03ce65e2714585b33a4580548b6') in 0.016094 seconds 
========================================================================
Received Import Request.
  Time since last request: 0.000020 seconds.
  path: Assets/Palmov Island/Low Poly Free Vehicles Pack/Prefabs/police_car.prefab
  artifactKey: Guid(97bbd8a97634444a2b72c8f15879a576) Importer(815301076,1909f56bfc062723c751e8b465ee728b)
Start importing Assets/Palmov Island/Low Poly Free Vehicles Pack/Prefabs/police_car.prefab using Guid(97bbd8a97634444a2b72c8f15879a576) Importer(815301076,1909f56bfc062723c751e8b465ee728b)  -> (artifact id: 'de3d00cf0bb41a93bfea53b7a06439a3') in 0.021067 seconds 
========================================================================
Received Import Request.
  Time since last request: 12.634986 seconds.
  path: Assets/POLYGON city pack/Materials/Night.mat
  artifactKey: Guid(2693a75b9cc71fb4bae0674a2e512e59) Importer(815301076,1909f56bfc062723c751e8b465ee728b)
Start importing Assets/POLYGON city pack/Materials/Night.mat using Guid(2693a75b9cc71fb4bae0674a2e512e59) Importer(815301076,1909f56bfc062723c751e8b465ee728b)  -> (artifact id: 'dbb97484328b26f71831bf6696f8b360') in 0.105401 seconds 
========================================================================
Received Import Request.
  Time since last request: 7.290737 seconds.
  path: Assets/POLYGON city pack/scene/DemoScene/ReflectionProbe-0.exr
  artifactKey: Guid(aa21992741ba40f46b729bd75c5363bc) Importer(815301076,1909f56bfc062723c751e8b465ee728b)
Start importing Assets/POLYGON city pack/scene/DemoScene/ReflectionProbe-0.exr using Guid(aa21992741ba40f46b729bd75c5363bc) Importer(815301076,1909f56bfc062723c751e8b465ee728b)  -> (artifact id: 'be96b3c6d38fcb691ede5547b7bf9429') in 0.040596 seconds 
========================================================================
Received Import Request.
  Time since last request: 191.988513 seconds.
  path: Assets/Palmov Island/Low Poly Free Vehicles Pack/Models/car_blue.fbx
  artifactKey: Guid(696450771374c453e9722c66fd6b182f) Importer(815301076,1909f56bfc062723c751e8b465ee728b)
Start importing Assets/Palmov Island/Low Poly Free Vehicles Pack/Models/car_blue.fbx using Guid(696450771374c453e9722c66fd6b182f) Importer(815301076,1909f56bfc062723c751e8b465ee728b)  -> (artifact id: '17f52d9a0e3886f388430cddff0fc412') in 0.088668 seconds 
========================================================================
Received Import Request.
  Time since last request: 0.000023 seconds.
  path: Assets/Palmov Island/Low Poly Free Vehicles Pack/Models/scooter_green.fbx
  artifactKey: Guid(b23f43b08e7364cd38929cbc220fecfa) Importer(815301076,1909f56bfc062723c751e8b465ee728b)
Start importing Assets/Palmov Island/Low Poly Free Vehicles Pack/Models/scooter_green.fbx using Guid(b23f43b08e7364cd38929cbc220fecfa) Importer(815301076,1909f56bfc062723c751e8b465ee728b)  -> (artifact id: '5e2c3e71d76da7066a489bf56e356c66') in 0.079911 seconds 
========================================================================
Received Import Request.
  Time since last request: 0.000033 seconds.
  path: Assets/Palmov Island/Low Poly Free Vehicles Pack/Models/truck_car.fbx
  artifactKey: Guid(c2ee9b4e39074480abada292a3201608) Importer(815301076,1909f56bfc062723c751e8b465ee728b)
Start importing Assets/Palmov Island/Low Poly Free Vehicles Pack/Models/truck_car.fbx using Guid(c2ee9b4e39074480abada292a3201608) Importer(815301076,1909f56bfc062723c751e8b465ee728b)  -> (artifact id: '7776fa1753ec921d2a2a964350e61c42') in 0.081988 seconds 
========================================================================
Received Import Request.
  Time since last request: 0.000021 seconds.
  path: Assets/Palmov Island/Low Poly Free Vehicles Pack/Models/light_plane_yellow.fbx
  artifactKey: Guid(de44d52fe43c94e01bff1b73bb2a6550) Importer(815301076,1909f56bfc062723c751e8b465ee728b)
Start importing Assets/Palmov Island/Low Poly Free Vehicles Pack/Models/light_plane_yellow.fbx using Guid(de44d52fe43c94e01bff1b73bb2a6550) Importer(815301076,1909f56bfc062723c751e8b465ee728b)  -> (artifact id: '9c3334169e933433bc29fee7f9bf7b4f') in 0.083722 seconds 
Editor requested this worker to shutdown with reason: Scaling down because of idle timeout
AssetImportWorker is now disconnected from the server
Process exiting
Exiting without the bug reporter. Application will terminate with return code 0